{
  "RSpec": {
    "coverage": {
      "/Users/peterbarcsak/Projects/oyster_card/spec/oystercard_spec.rb": [
        1,
        null,
        1,
        1,
        1,
        1,
        null,
        null,
        1,
        1,
        1,
        1,
        null,
        1,
        2,
        null,
        null,
        1,
        1,
        1,
        1,
        1,
        null,
        null,
        null
      ],
      "/Users/peterbarcsak/Projects/oyster_card/lib/oystercard.rb": [
        1,
        null,
        1,
        null,
        1,
        null,
        1,
        4,
        null,
        null,
        1,
        3,
        2,
        null,
        null,
        1,
        1,
        null,
        null
      ]
    },
    "timestamp": 1492445994
  }
}
