{
  "RSpec": {
    "coverage": {
      "/Users/peterbarcsak/Projects/oyster_card/spec/journey_spec.rb": [
        1,
        1,
        null,
        1,
        4,
        4,
        1,
        1,
        1,
        1,
        null,
        null,
        null,
        1,
        2,
        1,
        1,
        1,
        null,
        null,
        1,
        1,
        1,
        null,
        null,
        null
      ],
      "/Users/peterbarcsak/Projects/oyster_card/lib/journey.rb": [
        1,
        null,
        1,
        null,
        1,
        1,
        null,
        1,
        null,
        1,
        13,
        null,
        null,
        1,
        9,
        7,
        null,
        null,
        1,
        10,
        null,
        null,
        null
      ],
      "/Users/peterbarcsak/Projects/oyster_card/lib/oystercard.rb": [
        1,
        1,
        null,
        1,
        1,
        1,
        1,
        null,
        1,
        10,
        10,
        null,
        null,
        1,
        8,
        7,
        null,
        null,
        1,
        7,
        7,
        6,
        null,
        null,
        1,
        5,
        5,
        5,
        null,
        null,
        1,
        15,
        null,
        null,
        1,
        null,
        1,
        5,
        null,
        null,
        null
      ],
      "/Users/peterbarcsak/Projects/oyster_card/lib/station.rb": [
        1,
        null,
        1,
        null,
        1,
        10,
        10,
        null,
        null,
        null,
        null,
        null,
        null,
        null,
        null,
        null,
        null,
        null,
        null,
        null,
        null,
        null
      ],
      "/Users/peterbarcsak/Projects/oyster_card/lib/journeylog.rb": [
        1,
        null,
        1,
        null,
        1,
        null,
        1,
        13,
        13,
        null,
        null,
        1,
        10,
        null,
        null,
        1,
        7,
        7,
        null,
        null,
        1,
        2,
        null,
        null,
        1,
        6,
        6,
        null,
        null,
        1,
        null,
        1,
        0,
        null,
        null,
        null
      ],
      "/Users/peterbarcsak/Projects/oyster_card/spec/journeylog_spec.rb": [
        1,
        null,
        1,
        4,
        1,
        1,
        1,
        1,
        null,
        null,
        null,
        1,
        1,
        1,
        4,
        null,
        1,
        1,
        1,
        1,
        1,
        null,
        null,
        null
      ],
      "/Users/peterbarcsak/Projects/oyster_card/spec/oystercard_spec.rb": [
        1,
        1,
        null,
        1,
        1,
        1,
        1,
        1,
        1,
        null,
        null,
        1,
        2,
        null,
        null,
        null,
        null,
        1,
        null,
        1,
        1,
        1,
        null,
        null,
        1,
        2,
        null,
        null,
        1,
        1,
        4,
        null,
        null,
        null,
        null,
        1,
        null,
        1,
        1,
        1,
        null,
        null,
        1,
        1,
        4,
        null,
        null,
        1,
        1,
        4,
        null,
        null,
        null,
        null,
        1,
        1,
        1,
        1,
        null,
        null,
        null,
        1,
        null,
        1,
        1,
        null,
        null,
        null
      ],
      "/Users/peterbarcsak/Projects/oyster_card/spec/station_spec.rb": [
        1,
        null,
        1,
        3,
        null,
        1,
        1,
        null,
        null,
        1,
        1,
        null,
        null,
        null
      ]
    },
    "timestamp": 1492859843
  }
}
